<?xml version="1.0" encoding="UTF-8"?>
<!-- Generated by org.testng.reporters.JUnitXMLReporter -->
<testsuite hostname="Riyaans-MacBook-Air.local" ignored="0" name="MyTests" tests="3" failures="0" timestamp="2021-12-12T19:59:46 IST" time="46.495" errors="0">
  <testcase name="testCase1" time="19.407" classname="com.test.demoTest"/>
  <testcase name="testCase2" time="9.867" classname="com.test.demoTest"/>
  <testcase name="testCase3" time="8.021" classname="com.test.demoTest"/>
</testsuite> <!-- MyTests -->
